Started by user [8mha:////4OZbS1uGXkVSnLWiJJXfHLHmDGM9KHprUmwBc6hKnddWAAAAmB+LCAAAAAAAAP9b85aBtbiIQTGjNKU4P08vOT+vOD8nVc83PyU1x6OyILUoJzMv2y+/JJUBAhiZGBgqihhk0NSjKDWzXb3RdlLBUSYGJk8GtpzUvPSSDB8G5tKinBIGIZ+sxLJE/ZzEvHT94JKizLx0a6BxUmjGOUNodHsLgAy2EgYe/dLi1CL94tLijNxEAAMKkUjBAAAA[0msushma
Running as SYSTEM
Building on the built-in node in workspace /var/lib/jenkins/workspace/java project
The recommended git tool is: NONE
using credential f47c8859-9f0a-4966-bebc-1e58f0f29625
 > git rev-parse --resolve-git-dir /var/lib/jenkins/workspace/java project/.git # timeout=10
Fetching changes from the remote Git repository
 > git config remote.origin.url https://github.com/efsavage/hello-world-war.git # timeout=10
Fetching upstream changes from https://github.com/efsavage/hello-world-war.git
 > git --version # timeout=10
 > git --version # 'git version 2.27.0'
using GIT_SSH to set credentials 
[INFO] Currently running in a labeled security context
[INFO] Currently SELinux is 'enforcing' on the host
 > /usr/bin/chcon --type=ssh_home_t /var/lib/jenkins/workspace/java project@tmp/jenkins-gitclient-ssh2128068315459613110.key
 > git fetch --tags --force --progress -- https://github.com/efsavage/hello-world-war.git +refs/heads/*:refs/remotes/origin/* # timeout=10
 > git rev-parse refs/remotes/origin/master^{commit} # timeout=10
Checking out Revision 157ee76ce127d16ae7e5b4d811b08f3df9871a37 (refs/remotes/origin/master)
 > git config core.sparsecheckout # timeout=10
 > git checkout -f 157ee76ce127d16ae7e5b4d811b08f3df9871a37 # timeout=10
Commit message: "Merge branch 'master' of github.com:efsavage/hello-world-war"
 > git rev-list --no-walk 157ee76ce127d16ae7e5b4d811b08f3df9871a37 # timeout=10
[java project] $ mvn cd /var/lib/jenkins/workspace/java-project
[INFO] Scanning for projects...
[INFO] 
[INFO] --------------------< com.efsavage:hello-world-war >--------------------
[INFO] Building Hello World Web Application Repository 1.0.0
[INFO] --------------------------------[ war ]---------------------------------
[INFO] ------------------------------------------------------------------------
[INFO] BUILD FAILURE
[INFO] ------------------------------------------------------------------------
[INFO] Total time: 0.184 s
[INFO] Finished at: 2022-02-27T09:36:58Z
[INFO] ------------------------------------------------------------------------
[8mha:////4K4ul6RZu/nJupetdCj58NJlmwp6t/HkU5BniYHXo56iAAAAYB+LCAAAAAAAAP9b85aBtbiIQSmjNKU4P0+vJLE4u1gvPjexLDVPzxdEuhYV5Rf55Zek1m9pfpLfVWLNxMBQUcQgBdWQnJ9XnJ+TqucMoUEKGSCAEaSwAABqVhoSYAAAAA==[0m[ERROR] Unknown lifecycle phase "cd". You must specify a valid lifecycle phase or a goal in the format <plugin-prefix>:<goal> or <plugin-group-id>:<plugin-artifact-id>[:<plugin-version>]:<goal>. Available lifecycle phases are: validate, initialize, generate-sources, process-sources, generate-resources, process-resources, compile, process-classes, generate-test-sources, process-test-sources, generate-test-resources, process-test-resources, test-compile, process-test-classes, test, prepare-package, package, pre-integration-test, integration-test, post-integration-test, verify, install, deploy, pre-clean, clean, post-clean, pre-site, site, post-site, site-deploy. -> [Help 1]
[8mha:////4K4ul6RZu/nJupetdCj58NJlmwp6t/HkU5BniYHXo56iAAAAYB+LCAAAAAAAAP9b85aBtbiIQSmjNKU4P0+vJLE4u1gvPjexLDVPzxdEuhYV5Rf55Zek1m9pfpLfVWLNxMBQUcQgBdWQnJ9XnJ+TqucMoUEKGSCAEaSwAABqVhoSYAAAAA==[0m[ERROR] 
[8mha:////4K4ul6RZu/nJupetdCj58NJlmwp6t/HkU5BniYHXo56iAAAAYB+LCAAAAAAAAP9b85aBtbiIQSmjNKU4P0+vJLE4u1gvPjexLDVPzxdEuhYV5Rf55Zek1m9pfpLfVWLNxMBQUcQgBdWQnJ9XnJ+TqucMoUEKGSCAEaSwAABqVhoSYAAAAA==[0m[ERROR] To see the full stack trace of the errors, re-run Maven with the -e switch.
[8mha:////4K4ul6RZu/nJupetdCj58NJlmwp6t/HkU5BniYHXo56iAAAAYB+LCAAAAAAAAP9b85aBtbiIQSmjNKU4P0+vJLE4u1gvPjexLDVPzxdEuhYV5Rf55Zek1m9pfpLfVWLNxMBQUcQgBdWQnJ9XnJ+TqucMoUEKGSCAEaSwAABqVhoSYAAAAA==[0m[ERROR] Re-run Maven using the -X switch to enable full debug logging.
[8mha:////4K4ul6RZu/nJupetdCj58NJlmwp6t/HkU5BniYHXo56iAAAAYB+LCAAAAAAAAP9b85aBtbiIQSmjNKU4P0+vJLE4u1gvPjexLDVPzxdEuhYV5Rf55Zek1m9pfpLfVWLNxMBQUcQgBdWQnJ9XnJ+TqucMoUEKGSCAEaSwAABqVhoSYAAAAA==[0m[ERROR] 
[8mha:////4K4ul6RZu/nJupetdCj58NJlmwp6t/HkU5BniYHXo56iAAAAYB+LCAAAAAAAAP9b85aBtbiIQSmjNKU4P0+vJLE4u1gvPjexLDVPzxdEuhYV5Rf55Zek1m9pfpLfVWLNxMBQUcQgBdWQnJ9XnJ+TqucMoUEKGSCAEaSwAABqVhoSYAAAAA==[0m[ERROR] For more information about the errors and possible solutions, please read the following articles:
[8mha:////4K4ul6RZu/nJupetdCj58NJlmwp6t/HkU5BniYHXo56iAAAAYB+LCAAAAAAAAP9b85aBtbiIQSmjNKU4P0+vJLE4u1gvPjexLDVPzxdEuhYV5Rf55Zek1m9pfpLfVWLNxMBQUcQgBdWQnJ9XnJ+TqucMoUEKGSCAEaSwAABqVhoSYAAAAA==[0m[ERROR] [Help 1] http://cwiki.apache.org/confluence/display/MAVEN/LifecyclePhaseNotFoundException
Build step 'Invoke top-level Maven targets' marked build as failure
Finished: FAILURE
